2024-07-18 17:56:09,350 - root - INFO - *************** Starting Registration Test ***************
2024-07-18 17:56:09,350 - root - INFO - *************** Starting Registration Test ***************
2024-07-18 17:56:09,350 - root - INFO - *************** Starting Registration Test ***************
2024-07-18 17:56:09,350 - root - INFO - *************** Starting Registration Test ***************
2024-07-18 17:56:15,861 - root - INFO - *************** Logging In ***************
2024-07-18 17:56:15,861 - root - INFO - *************** Logging In ***************
2024-07-18 17:56:15,861 - root - INFO - *************** Logging In ***************
2024-07-18 17:56:15,861 - root - INFO - *************** Logging In ***************
2024-07-18 17:56:18,001 - root - INFO - *************** Login Successful ***************
2024-07-18 17:56:18,001 - root - INFO - *************** Login Successful ***************
2024-07-18 17:56:18,001 - root - INFO - *************** Login Successful ***************
2024-07-18 17:56:18,001 - root - INFO - *************** Login Successful ***************
2024-07-18 17:56:18,001 - root - INFO - *************** Starting Test_003_SearchAndAddToCart ***************
2024-07-18 17:56:18,001 - root - INFO - *************** Starting Test_003_SearchAndAddToCart ***************
2024-07-18 17:56:18,001 - root - INFO - *************** Starting Test_003_SearchAndAddToCart ***************
2024-07-18 17:56:18,001 - root - INFO - *************** Starting Test_003_SearchAndAddToCart ***************
2024-07-18 17:56:18,001 - root - INFO - *************** Searching for Product: iPhone ***************
2024-07-18 17:56:18,001 - root - INFO - *************** Searching for Product: iPhone ***************
2024-07-18 17:56:18,001 - root - INFO - *************** Searching for Product: iPhone ***************
2024-07-18 17:56:18,001 - root - INFO - *************** Searching for Product: iPhone ***************
2024-07-18 17:56:18,628 - root - INFO - *************** Adding Product to Shopping Cart ***************
2024-07-18 17:56:18,628 - root - INFO - *************** Adding Product to Shopping Cart ***************
2024-07-18 17:56:18,628 - root - INFO - *************** Adding Product to Shopping Cart ***************
2024-07-18 17:56:18,628 - root - INFO - *************** Adding Product to Shopping Cart ***************
2024-07-18 17:56:18,990 - root - INFO - *************** Searching for Product: iMac ***************
2024-07-18 17:56:18,990 - root - INFO - *************** Searching for Product: iMac ***************
2024-07-18 17:56:18,990 - root - INFO - *************** Searching for Product: iMac ***************
2024-07-18 17:56:18,990 - root - INFO - *************** Searching for Product: iMac ***************
2024-07-18 17:56:19,471 - root - INFO - *************** Adding Product to Shopping Cart ***************
2024-07-18 17:56:19,471 - root - INFO - *************** Adding Product to Shopping Cart ***************
2024-07-18 17:56:19,471 - root - INFO - *************** Adding Product to Shopping Cart ***************
2024-07-18 17:56:19,471 - root - INFO - *************** Adding Product to Shopping Cart ***************
2024-07-18 17:56:19,804 - root - INFO - ********************* Entering Shopping Cart ************************
2024-07-18 17:56:19,804 - root - INFO - ********************* Entering Shopping Cart ************************
2024-07-18 17:56:19,804 - root - INFO - ********************* Entering Shopping Cart ************************
2024-07-18 17:56:19,804 - root - INFO - ********************* Entering Shopping Cart ************************
2024-07-18 17:56:25,522 - root - INFO - ********************* Checking Out ************************
2024-07-18 17:56:25,522 - root - INFO - ********************* Checking Out ************************
2024-07-18 17:56:25,522 - root - INFO - ********************* Checking Out ************************
2024-07-18 17:56:25,522 - root - INFO - ********************* Checking Out ************************
2024-07-18 17:56:26,009 - root - INFO - ********************* Entering Billing Details ************************
2024-07-18 17:56:26,009 - root - INFO - ********************* Entering Billing Details ************************
2024-07-18 17:56:26,009 - root - INFO - ********************* Entering Billing Details ************************
2024-07-18 17:56:26,009 - root - INFO - ********************* Entering Billing Details ************************
2024-07-18 17:56:38,174 - root - INFO - *************** Starting Login Test ***************
2024-07-18 17:56:38,174 - root - INFO - *************** Starting Login Test ***************
2024-07-18 17:56:38,174 - root - INFO - *************** Starting Login Test ***************
2024-07-18 17:56:38,174 - root - INFO - *************** Starting Login Test ***************
2024-07-18 17:56:41,070 - root - INFO - ****************** Login Successful ******************
2024-07-18 17:56:41,070 - root - INFO - ****************** Login Successful ******************
2024-07-18 17:56:41,070 - root - INFO - ****************** Login Successful ******************
2024-07-18 17:56:41,070 - root - INFO - ****************** Login Successful ******************
2024-07-18 17:56:41,071 - root - INFO - ****************** Test_002_Login Successful ******************
2024-07-18 17:56:41,071 - root - INFO - ****************** Test_002_Login Successful ******************
2024-07-18 17:56:41,071 - root - INFO - ****************** Test_002_Login Successful ******************
2024-07-18 17:56:41,071 - root - INFO - ****************** Test_002_Login Successful ******************
2024-07-18 17:56:42,913 - root - INFO - *************** Logging In ***************
2024-07-18 17:56:42,913 - root - INFO - *************** Logging In ***************
2024-07-18 17:56:42,913 - root - INFO - *************** Logging In ***************
2024-07-18 17:56:42,913 - root - INFO - *************** Logging In ***************
2024-07-18 17:56:45,485 - root - INFO - *************** Login Successful ***************
2024-07-18 17:56:45,485 - root - INFO - *************** Login Successful ***************
2024-07-18 17:56:45,485 - root - INFO - *************** Login Successful ***************
2024-07-18 17:56:45,485 - root - INFO - *************** Login Successful ***************
2024-07-18 17:56:45,485 - root - INFO - *************** Starting Test_003_SearchAndAddToCart ***************
2024-07-18 17:56:45,485 - root - INFO - *************** Starting Test_003_SearchAndAddToCart ***************
2024-07-18 17:56:45,485 - root - INFO - *************** Starting Test_003_SearchAndAddToCart ***************
2024-07-18 17:56:45,485 - root - INFO - *************** Starting Test_003_SearchAndAddToCart ***************
2024-07-18 17:56:45,485 - root - INFO - *************** Searching for Product: iPhone ***************
2024-07-18 17:56:45,485 - root - INFO - *************** Searching for Product: iPhone ***************
2024-07-18 17:56:45,485 - root - INFO - *************** Searching for Product: iPhone ***************
2024-07-18 17:56:45,485 - root - INFO - *************** Searching for Product: iPhone ***************
2024-07-18 17:56:46,142 - root - INFO - *************** Adding Product to Shopping Cart ***************
2024-07-18 17:56:46,142 - root - INFO - *************** Adding Product to Shopping Cart ***************
2024-07-18 17:56:46,142 - root - INFO - *************** Adding Product to Shopping Cart ***************
2024-07-18 17:56:46,142 - root - INFO - *************** Adding Product to Shopping Cart ***************
2024-07-18 17:59:34,228 - root - INFO - *************** Starting Registration Test ***************
2024-07-18 17:59:34,228 - root - INFO - *************** Starting Registration Test ***************
2024-07-18 17:59:34,228 - root - INFO - *************** Starting Registration Test ***************
2024-07-18 17:59:34,228 - root - INFO - *************** Starting Registration Test ***************
2024-07-18 17:59:38,994 - root - INFO - *************** Logging In ***************
2024-07-18 17:59:38,994 - root - INFO - *************** Logging In ***************
2024-07-18 17:59:38,994 - root - INFO - *************** Logging In ***************
2024-07-18 17:59:38,994 - root - INFO - *************** Logging In ***************
2024-07-18 17:59:41,347 - root - INFO - *************** Login Successful ***************
2024-07-18 17:59:41,347 - root - INFO - *************** Login Successful ***************
2024-07-18 17:59:41,347 - root - INFO - *************** Login Successful ***************
2024-07-18 17:59:41,347 - root - INFO - *************** Login Successful ***************
2024-07-18 17:59:41,348 - root - INFO - *************** Starting Test_003_SearchAndAddToCart ***************
2024-07-18 17:59:41,348 - root - INFO - *************** Starting Test_003_SearchAndAddToCart ***************
2024-07-18 17:59:41,348 - root - INFO - *************** Starting Test_003_SearchAndAddToCart ***************
2024-07-18 17:59:41,348 - root - INFO - *************** Starting Test_003_SearchAndAddToCart ***************
2024-07-18 17:59:41,348 - root - INFO - *************** Searching for Product: iPhone ***************
2024-07-18 17:59:41,348 - root - INFO - *************** Searching for Product: iPhone ***************
2024-07-18 17:59:41,348 - root - INFO - *************** Searching for Product: iPhone ***************
2024-07-18 17:59:41,348 - root - INFO - *************** Searching for Product: iPhone ***************
2024-07-18 17:59:41,885 - root - INFO - *************** Adding Product to Shopping Cart ***************
2024-07-18 17:59:41,885 - root - INFO - *************** Adding Product to Shopping Cart ***************
2024-07-18 17:59:41,885 - root - INFO - *************** Adding Product to Shopping Cart ***************
2024-07-18 17:59:41,885 - root - INFO - *************** Adding Product to Shopping Cart ***************
2024-07-18 17:59:42,287 - root - INFO - *************** Searching for Product: iMac ***************
2024-07-18 17:59:42,287 - root - INFO - *************** Searching for Product: iMac ***************
2024-07-18 17:59:42,287 - root - INFO - *************** Searching for Product: iMac ***************
2024-07-18 17:59:42,287 - root - INFO - *************** Searching for Product: iMac ***************
2024-07-18 17:59:42,812 - root - INFO - *************** Adding Product to Shopping Cart ***************
2024-07-18 17:59:42,812 - root - INFO - *************** Adding Product to Shopping Cart ***************
2024-07-18 17:59:42,812 - root - INFO - *************** Adding Product to Shopping Cart ***************
2024-07-18 17:59:42,812 - root - INFO - *************** Adding Product to Shopping Cart ***************
2024-07-18 17:59:43,227 - root - INFO - ********************* Entering Shopping Cart ************************
2024-07-18 17:59:43,227 - root - INFO - ********************* Entering Shopping Cart ************************
2024-07-18 17:59:43,227 - root - INFO - ********************* Entering Shopping Cart ************************
2024-07-18 17:59:43,227 - root - INFO - ********************* Entering Shopping Cart ************************
2024-07-18 17:59:48,808 - root - INFO - ********************* Checking Out ************************
2024-07-18 17:59:48,808 - root - INFO - ********************* Checking Out ************************
2024-07-18 17:59:48,808 - root - INFO - ********************* Checking Out ************************
2024-07-18 17:59:48,808 - root - INFO - ********************* Checking Out ************************
2024-07-18 17:59:49,189 - root - INFO - ********************* Entering Billing Details ************************
2024-07-18 17:59:49,189 - root - INFO - ********************* Entering Billing Details ************************
2024-07-18 17:59:49,189 - root - INFO - ********************* Entering Billing Details ************************
2024-07-18 17:59:49,189 - root - INFO - ********************* Entering Billing Details ************************
2024-07-18 18:00:00,767 - root - INFO - *************** Starting Login Test ***************
2024-07-18 18:00:00,767 - root - INFO - *************** Starting Login Test ***************
2024-07-18 18:00:00,767 - root - INFO - *************** Starting Login Test ***************
2024-07-18 18:00:00,767 - root - INFO - *************** Starting Login Test ***************
2024-07-18 18:00:03,095 - root - INFO - ****************** Login Successful ******************
2024-07-18 18:00:03,095 - root - INFO - ****************** Login Successful ******************
2024-07-18 18:00:03,095 - root - INFO - ****************** Login Successful ******************
2024-07-18 18:00:03,095 - root - INFO - ****************** Login Successful ******************
2024-07-18 18:00:03,096 - root - INFO - ****************** Test_002_Login Successful ******************
2024-07-18 18:00:03,096 - root - INFO - ****************** Test_002_Login Successful ******************
2024-07-18 18:00:03,096 - root - INFO - ****************** Test_002_Login Successful ******************
2024-07-18 18:00:03,096 - root - INFO - ****************** Test_002_Login Successful ******************
2024-07-18 18:00:04,823 - root - INFO - *************** Logging In ***************
2024-07-18 18:00:04,823 - root - INFO - *************** Logging In ***************
2024-07-18 18:00:04,823 - root - INFO - *************** Logging In ***************
2024-07-18 18:00:04,823 - root - INFO - *************** Logging In ***************
2024-07-18 18:00:07,409 - root - INFO - *************** Login Successful ***************
2024-07-18 18:00:07,409 - root - INFO - *************** Login Successful ***************
2024-07-18 18:00:07,409 - root - INFO - *************** Login Successful ***************
2024-07-18 18:00:07,409 - root - INFO - *************** Login Successful ***************
2024-07-18 18:00:07,410 - root - INFO - *************** Starting Test_003_SearchAndAddToCart ***************
2024-07-18 18:00:07,410 - root - INFO - *************** Starting Test_003_SearchAndAddToCart ***************
2024-07-18 18:00:07,410 - root - INFO - *************** Starting Test_003_SearchAndAddToCart ***************
2024-07-18 18:00:07,410 - root - INFO - *************** Starting Test_003_SearchAndAddToCart ***************
2024-07-18 18:00:07,410 - root - INFO - *************** Searching for Product: iPhone ***************
2024-07-18 18:00:07,410 - root - INFO - *************** Searching for Product: iPhone ***************
2024-07-18 18:00:07,410 - root - INFO - *************** Searching for Product: iPhone ***************
2024-07-18 18:00:07,410 - root - INFO - *************** Searching for Product: iPhone ***************
2024-07-18 18:00:08,251 - root - INFO - *************** Adding Product to Shopping Cart ***************
2024-07-18 18:00:08,251 - root - INFO - *************** Adding Product to Shopping Cart ***************
2024-07-18 18:00:08,251 - root - INFO - *************** Adding Product to Shopping Cart ***************
2024-07-18 18:00:08,251 - root - INFO - *************** Adding Product to Shopping Cart ***************
2024-07-18 18:06:57,375 - root - INFO - *************** Starting Registration Test ***************
2024-07-18 18:06:57,375 - root - INFO - *************** Starting Registration Test ***************
2024-07-18 18:06:57,375 - root - INFO - *************** Starting Registration Test ***************
2024-07-18 18:06:57,375 - root - INFO - *************** Starting Registration Test ***************
2024-07-18 18:07:02,458 - root - INFO - *************** Logging In ***************
2024-07-18 18:07:02,458 - root - INFO - *************** Logging In ***************
2024-07-18 18:07:02,458 - root - INFO - *************** Logging In ***************
2024-07-18 18:07:02,458 - root - INFO - *************** Logging In ***************
2024-07-18 18:07:04,611 - root - INFO - *************** Login Successful ***************
2024-07-18 18:07:04,611 - root - INFO - *************** Login Successful ***************
2024-07-18 18:07:04,611 - root - INFO - *************** Login Successful ***************
2024-07-18 18:07:04,611 - root - INFO - *************** Login Successful ***************
2024-07-18 18:07:04,611 - root - INFO - *************** Starting Test_003_SearchAndAddToCart ***************
2024-07-18 18:07:04,611 - root - INFO - *************** Starting Test_003_SearchAndAddToCart ***************
2024-07-18 18:07:04,611 - root - INFO - *************** Starting Test_003_SearchAndAddToCart ***************
2024-07-18 18:07:04,611 - root - INFO - *************** Starting Test_003_SearchAndAddToCart ***************
2024-07-18 18:07:04,611 - root - INFO - *************** Searching for Product: iPhone ***************
2024-07-18 18:07:04,611 - root - INFO - *************** Searching for Product: iPhone ***************
2024-07-18 18:07:04,611 - root - INFO - *************** Searching for Product: iPhone ***************
2024-07-18 18:07:04,611 - root - INFO - *************** Searching for Product: iPhone ***************
2024-07-18 18:07:05,180 - root - INFO - *************** Adding Product to Shopping Cart ***************
2024-07-18 18:07:05,180 - root - INFO - *************** Adding Product to Shopping Cart ***************
2024-07-18 18:07:05,180 - root - INFO - *************** Adding Product to Shopping Cart ***************
2024-07-18 18:07:05,180 - root - INFO - *************** Adding Product to Shopping Cart ***************
2024-07-18 18:07:05,526 - root - INFO - *************** Searching for Product: iMac ***************
2024-07-18 18:07:05,526 - root - INFO - *************** Searching for Product: iMac ***************
2024-07-18 18:07:05,526 - root - INFO - *************** Searching for Product: iMac ***************
2024-07-18 18:07:05,526 - root - INFO - *************** Searching for Product: iMac ***************
2024-07-18 18:07:05,997 - root - INFO - *************** Adding Product to Shopping Cart ***************
2024-07-18 18:07:05,997 - root - INFO - *************** Adding Product to Shopping Cart ***************
2024-07-18 18:07:05,997 - root - INFO - *************** Adding Product to Shopping Cart ***************
2024-07-18 18:07:05,997 - root - INFO - *************** Adding Product to Shopping Cart ***************
2024-07-18 18:07:06,383 - root - INFO - ********************* Entering Shopping Cart ************************
2024-07-18 18:07:06,383 - root - INFO - ********************* Entering Shopping Cart ************************
2024-07-18 18:07:06,383 - root - INFO - ********************* Entering Shopping Cart ************************
2024-07-18 18:07:06,383 - root - INFO - ********************* Entering Shopping Cart ************************
2024-07-18 18:07:12,114 - root - INFO - ********************* Checking Out ************************
2024-07-18 18:07:12,114 - root - INFO - ********************* Checking Out ************************
2024-07-18 18:07:12,114 - root - INFO - ********************* Checking Out ************************
2024-07-18 18:07:12,114 - root - INFO - ********************* Checking Out ************************
2024-07-18 18:07:12,546 - root - INFO - ********************* Entering Billing Details ************************
2024-07-18 18:07:12,546 - root - INFO - ********************* Entering Billing Details ************************
2024-07-18 18:07:12,546 - root - INFO - ********************* Entering Billing Details ************************
2024-07-18 18:07:12,546 - root - INFO - ********************* Entering Billing Details ************************
2024-07-18 18:07:24,187 - root - INFO - *************** Starting Login Test ***************
2024-07-18 18:07:24,187 - root - INFO - *************** Starting Login Test ***************
2024-07-18 18:07:24,187 - root - INFO - *************** Starting Login Test ***************
2024-07-18 18:07:24,187 - root - INFO - *************** Starting Login Test ***************
2024-07-18 18:07:26,772 - root - INFO - ****************** Login Successful ******************
2024-07-18 18:07:26,772 - root - INFO - ****************** Login Successful ******************
2024-07-18 18:07:26,772 - root - INFO - ****************** Login Successful ******************
2024-07-18 18:07:26,772 - root - INFO - ****************** Login Successful ******************
2024-07-18 18:07:26,773 - root - INFO - ****************** Test_002_Login Successful ******************
2024-07-18 18:07:26,773 - root - INFO - ****************** Test_002_Login Successful ******************
2024-07-18 18:07:26,773 - root - INFO - ****************** Test_002_Login Successful ******************
2024-07-18 18:07:26,773 - root - INFO - ****************** Test_002_Login Successful ******************
2024-07-18 18:07:28,488 - root - INFO - *************** Logging In ***************
2024-07-18 18:07:28,488 - root - INFO - *************** Logging In ***************
2024-07-18 18:07:28,488 - root - INFO - *************** Logging In ***************
2024-07-18 18:07:28,488 - root - INFO - *************** Logging In ***************
2024-07-18 18:07:31,439 - root - INFO - *************** Login Successful ***************
2024-07-18 18:07:31,439 - root - INFO - *************** Login Successful ***************
2024-07-18 18:07:31,439 - root - INFO - *************** Login Successful ***************
2024-07-18 18:07:31,439 - root - INFO - *************** Login Successful ***************
2024-07-18 18:07:31,439 - root - INFO - *************** Starting Test_003_SearchAndAddToCart ***************
2024-07-18 18:07:31,439 - root - INFO - *************** Starting Test_003_SearchAndAddToCart ***************
2024-07-18 18:07:31,439 - root - INFO - *************** Starting Test_003_SearchAndAddToCart ***************
2024-07-18 18:07:31,439 - root - INFO - *************** Starting Test_003_SearchAndAddToCart ***************
2024-07-18 18:07:31,439 - root - INFO - *************** Searching for Product: iPhone ***************
2024-07-18 18:07:31,439 - root - INFO - *************** Searching for Product: iPhone ***************
2024-07-18 18:07:31,439 - root - INFO - *************** Searching for Product: iPhone ***************
2024-07-18 18:07:31,439 - root - INFO - *************** Searching for Product: iPhone ***************
2024-07-18 18:07:31,919 - root - INFO - *************** Adding Product to Shopping Cart ***************
2024-07-18 18:07:31,919 - root - INFO - *************** Adding Product to Shopping Cart ***************
2024-07-18 18:07:31,919 - root - INFO - *************** Adding Product to Shopping Cart ***************
2024-07-18 18:07:31,919 - root - INFO - *************** Adding Product to Shopping Cart ***************
2024-07-19 10:02:09,224 - root - INFO - *************** Starting Registration Test ***************
2024-07-19 10:02:09,224 - root - INFO - *************** Starting Registration Test ***************
2024-07-19 10:02:09,224 - root - INFO - *************** Starting Registration Test ***************
2024-07-19 10:02:09,224 - root - INFO - *************** Starting Registration Test ***************
2024-07-19 10:02:17,448 - root - INFO - *************** Logging In ***************
2024-07-19 10:02:17,448 - root - INFO - *************** Logging In ***************
2024-07-19 10:02:17,448 - root - INFO - *************** Logging In ***************
2024-07-19 10:02:17,448 - root - INFO - *************** Logging In ***************
2024-07-19 10:02:22,102 - root - INFO - *************** Login Successful ***************
2024-07-19 10:02:22,102 - root - INFO - *************** Login Successful ***************
2024-07-19 10:02:22,102 - root - INFO - *************** Login Successful ***************
2024-07-19 10:02:22,102 - root - INFO - *************** Login Successful ***************
2024-07-19 10:02:22,103 - root - INFO - *************** Starting Test_003_SearchAndAddToCart ***************
2024-07-19 10:02:22,103 - root - INFO - *************** Starting Test_003_SearchAndAddToCart ***************
2024-07-19 10:02:22,103 - root - INFO - *************** Starting Test_003_SearchAndAddToCart ***************
2024-07-19 10:02:22,103 - root - INFO - *************** Starting Test_003_SearchAndAddToCart ***************
2024-07-19 10:02:22,103 - root - INFO - *************** Searching for Product: iPhone ***************
2024-07-19 10:02:22,103 - root - INFO - *************** Searching for Product: iPhone ***************
2024-07-19 10:02:22,103 - root - INFO - *************** Searching for Product: iPhone ***************
2024-07-19 10:02:22,103 - root - INFO - *************** Searching for Product: iPhone ***************
2024-07-19 10:02:22,887 - root - INFO - *************** Adding Product to Shopping Cart ***************
2024-07-19 10:02:22,887 - root - INFO - *************** Adding Product to Shopping Cart ***************
2024-07-19 10:02:22,887 - root - INFO - *************** Adding Product to Shopping Cart ***************
2024-07-19 10:02:22,887 - root - INFO - *************** Adding Product to Shopping Cart ***************
2024-07-19 10:02:23,573 - root - INFO - *************** Searching for Product: iMac ***************
2024-07-19 10:02:23,573 - root - INFO - *************** Searching for Product: iMac ***************
2024-07-19 10:02:23,573 - root - INFO - *************** Searching for Product: iMac ***************
2024-07-19 10:02:23,573 - root - INFO - *************** Searching for Product: iMac ***************
2024-07-19 10:02:24,415 - root - INFO - *************** Adding Product to Shopping Cart ***************
2024-07-19 10:02:24,415 - root - INFO - *************** Adding Product to Shopping Cart ***************
2024-07-19 10:02:24,415 - root - INFO - *************** Adding Product to Shopping Cart ***************
2024-07-19 10:02:24,415 - root - INFO - *************** Adding Product to Shopping Cart ***************
2024-07-19 10:02:25,011 - root - INFO - ********************* Entering Shopping Cart ************************
2024-07-19 10:02:25,011 - root - INFO - ********************* Entering Shopping Cart ************************
2024-07-19 10:02:25,011 - root - INFO - ********************* Entering Shopping Cart ************************
2024-07-19 10:02:25,011 - root - INFO - ********************* Entering Shopping Cart ************************
2024-07-19 10:02:31,031 - root - INFO - ********************* Checking Out ************************
2024-07-19 10:02:31,031 - root - INFO - ********************* Checking Out ************************
2024-07-19 10:02:31,031 - root - INFO - ********************* Checking Out ************************
2024-07-19 10:02:31,031 - root - INFO - ********************* Checking Out ************************
2024-07-19 10:02:31,668 - root - INFO - ********************* Entering Billing Details ************************
2024-07-19 10:02:31,668 - root - INFO - ********************* Entering Billing Details ************************
2024-07-19 10:02:31,668 - root - INFO - ********************* Entering Billing Details ************************
2024-07-19 10:02:31,668 - root - INFO - ********************* Entering Billing Details ************************
2024-07-19 10:02:43,765 - root - INFO - *************** Starting Login Test ***************
2024-07-19 10:02:43,765 - root - INFO - *************** Starting Login Test ***************
2024-07-19 10:02:43,765 - root - INFO - *************** Starting Login Test ***************
2024-07-19 10:02:43,765 - root - INFO - *************** Starting Login Test ***************
2024-07-19 10:02:49,021 - root - INFO - ****************** Login Successful ******************
2024-07-19 10:02:49,021 - root - INFO - ****************** Login Successful ******************
2024-07-19 10:02:49,021 - root - INFO - ****************** Login Successful ******************
2024-07-19 10:02:49,021 - root - INFO - ****************** Login Successful ******************
2024-07-19 10:02:49,022 - root - INFO - ****************** Test_002_Login Successful ******************
2024-07-19 10:02:49,022 - root - INFO - ****************** Test_002_Login Successful ******************
2024-07-19 10:02:49,022 - root - INFO - ****************** Test_002_Login Successful ******************
2024-07-19 10:02:49,022 - root - INFO - ****************** Test_002_Login Successful ******************
2024-07-19 10:02:51,202 - root - INFO - *************** Logging In ***************
2024-07-19 10:02:51,202 - root - INFO - *************** Logging In ***************
2024-07-19 10:02:51,202 - root - INFO - *************** Logging In ***************
2024-07-19 10:02:51,202 - root - INFO - *************** Logging In ***************
2024-07-19 10:02:55,644 - root - INFO - *************** Login Successful ***************
2024-07-19 10:02:55,644 - root - INFO - *************** Login Successful ***************
2024-07-19 10:02:55,644 - root - INFO - *************** Login Successful ***************
2024-07-19 10:02:55,644 - root - INFO - *************** Login Successful ***************
2024-07-19 10:02:55,645 - root - INFO - *************** Starting Test_003_SearchAndAddToCart ***************
2024-07-19 10:02:55,645 - root - INFO - *************** Starting Test_003_SearchAndAddToCart ***************
2024-07-19 10:02:55,645 - root - INFO - *************** Starting Test_003_SearchAndAddToCart ***************
2024-07-19 10:02:55,645 - root - INFO - *************** Starting Test_003_SearchAndAddToCart ***************
2024-07-19 10:02:55,645 - root - INFO - *************** Searching for Product: iPhone ***************
2024-07-19 10:02:55,645 - root - INFO - *************** Searching for Product: iPhone ***************
2024-07-19 10:02:55,645 - root - INFO - *************** Searching for Product: iPhone ***************
2024-07-19 10:02:55,645 - root - INFO - *************** Searching for Product: iPhone ***************
2024-07-19 10:02:56,529 - root - INFO - *************** Adding Product to Shopping Cart ***************
2024-07-19 10:02:56,529 - root - INFO - *************** Adding Product to Shopping Cart ***************
2024-07-19 10:02:56,529 - root - INFO - *************** Adding Product to Shopping Cart ***************
2024-07-19 10:02:56,529 - root - INFO - *************** Adding Product to Shopping Cart ***************
2024-07-19 10:06:36,513 - root - INFO - *************** Starting Registration Test ***************
2024-07-19 10:06:36,513 - root - INFO - *************** Starting Registration Test ***************
2024-07-19 10:06:36,513 - root - INFO - *************** Starting Registration Test ***************
2024-07-19 10:06:36,513 - root - INFO - *************** Starting Registration Test ***************
2024-07-19 10:06:45,726 - root - INFO - *************** Registration Test Complete ***************
2024-07-19 10:06:45,726 - root - INFO - *************** Registration Test Complete ***************
2024-07-19 10:06:45,726 - root - INFO - *************** Registration Test Complete ***************
2024-07-19 10:06:45,726 - root - INFO - *************** Registration Test Complete ***************
2024-07-19 10:06:45,727 - root - INFO - *************** Test_001_Registration Successful ***************
2024-07-19 10:06:45,727 - root - INFO - *************** Test_001_Registration Successful ***************
2024-07-19 10:06:45,727 - root - INFO - *************** Test_001_Registration Successful ***************
2024-07-19 10:06:45,727 - root - INFO - *************** Test_001_Registration Successful ***************
2024-07-19 10:06:47,794 - root - INFO - *************** Logging In ***************
2024-07-19 10:06:47,794 - root - INFO - *************** Logging In ***************
2024-07-19 10:06:47,794 - root - INFO - *************** Logging In ***************
2024-07-19 10:06:47,794 - root - INFO - *************** Logging In ***************
2024-07-19 10:06:51,054 - root - INFO - *************** Login Successful ***************
2024-07-19 10:06:51,054 - root - INFO - *************** Login Successful ***************
2024-07-19 10:06:51,054 - root - INFO - *************** Login Successful ***************
2024-07-19 10:06:51,054 - root - INFO - *************** Login Successful ***************
2024-07-19 10:06:51,054 - root - INFO - *************** Starting Test_003_SearchAndAddToCart ***************
2024-07-19 10:06:51,054 - root - INFO - *************** Starting Test_003_SearchAndAddToCart ***************
2024-07-19 10:06:51,054 - root - INFO - *************** Starting Test_003_SearchAndAddToCart ***************
2024-07-19 10:06:51,054 - root - INFO - *************** Starting Test_003_SearchAndAddToCart ***************
2024-07-19 10:06:51,055 - root - INFO - *************** Searching for Product: iPhone ***************
2024-07-19 10:06:51,055 - root - INFO - *************** Searching for Product: iPhone ***************
2024-07-19 10:06:51,055 - root - INFO - *************** Searching for Product: iPhone ***************
2024-07-19 10:06:51,055 - root - INFO - *************** Searching for Product: iPhone ***************
2024-07-19 10:06:51,942 - root - INFO - *************** Adding Product to Shopping Cart ***************
2024-07-19 10:06:51,942 - root - INFO - *************** Adding Product to Shopping Cart ***************
2024-07-19 10:06:51,942 - root - INFO - *************** Adding Product to Shopping Cart ***************
2024-07-19 10:06:51,942 - root - INFO - *************** Adding Product to Shopping Cart ***************
2024-07-19 10:06:52,626 - root - INFO - *************** Searching for Product: iMac ***************
2024-07-19 10:06:52,626 - root - INFO - *************** Searching for Product: iMac ***************
2024-07-19 10:06:52,626 - root - INFO - *************** Searching for Product: iMac ***************
2024-07-19 10:06:52,626 - root - INFO - *************** Searching for Product: iMac ***************
2024-07-19 10:06:53,418 - root - INFO - *************** Adding Product to Shopping Cart ***************
2024-07-19 10:06:53,418 - root - INFO - *************** Adding Product to Shopping Cart ***************
2024-07-19 10:06:53,418 - root - INFO - *************** Adding Product to Shopping Cart ***************
2024-07-19 10:06:53,418 - root - INFO - *************** Adding Product to Shopping Cart ***************
2024-07-19 10:06:54,062 - root - INFO - ********************* Entering Shopping Cart ************************
2024-07-19 10:06:54,062 - root - INFO - ********************* Entering Shopping Cart ************************
2024-07-19 10:06:54,062 - root - INFO - ********************* Entering Shopping Cart ************************
2024-07-19 10:06:54,062 - root - INFO - ********************* Entering Shopping Cart ************************
2024-07-19 10:07:00,119 - root - INFO - ********************* Checking Out ************************
2024-07-19 10:07:00,119 - root - INFO - ********************* Checking Out ************************
2024-07-19 10:07:00,119 - root - INFO - ********************* Checking Out ************************
2024-07-19 10:07:00,119 - root - INFO - ********************* Checking Out ************************
2024-07-19 10:07:00,775 - root - INFO - ********************* Entering Billing Details ************************
2024-07-19 10:07:00,775 - root - INFO - ********************* Entering Billing Details ************************
2024-07-19 10:07:00,775 - root - INFO - ********************* Entering Billing Details ************************
2024-07-19 10:07:00,775 - root - INFO - ********************* Entering Billing Details ************************
2024-07-19 10:07:13,146 - root - INFO - *************** Starting Login Test ***************
2024-07-19 10:07:13,146 - root - INFO - *************** Starting Login Test ***************
2024-07-19 10:07:13,146 - root - INFO - *************** Starting Login Test ***************
2024-07-19 10:07:13,146 - root - INFO - *************** Starting Login Test ***************
2024-07-19 10:07:16,224 - root - INFO - ****************** Login Successful ******************
2024-07-19 10:07:16,224 - root - INFO - ****************** Login Successful ******************
2024-07-19 10:07:16,224 - root - INFO - ****************** Login Successful ******************
2024-07-19 10:07:16,224 - root - INFO - ****************** Login Successful ******************
2024-07-19 10:07:16,225 - root - INFO - ****************** Test_002_Login Successful ******************
2024-07-19 10:07:16,225 - root - INFO - ****************** Test_002_Login Successful ******************
2024-07-19 10:07:16,225 - root - INFO - ****************** Test_002_Login Successful ******************
2024-07-19 10:07:16,225 - root - INFO - ****************** Test_002_Login Successful ******************
2024-07-19 10:07:18,511 - root - INFO - *************** Logging In ***************
2024-07-19 10:07:18,511 - root - INFO - *************** Logging In ***************
2024-07-19 10:07:18,511 - root - INFO - *************** Logging In ***************
2024-07-19 10:07:18,511 - root - INFO - *************** Logging In ***************
2024-07-19 10:07:21,643 - root - INFO - *************** Login Successful ***************
2024-07-19 10:07:21,643 - root - INFO - *************** Login Successful ***************
2024-07-19 10:07:21,643 - root - INFO - *************** Login Successful ***************
2024-07-19 10:07:21,643 - root - INFO - *************** Login Successful ***************
2024-07-19 10:07:21,644 - root - INFO - *************** Starting Test_003_SearchAndAddToCart ***************
2024-07-19 10:07:21,644 - root - INFO - *************** Starting Test_003_SearchAndAddToCart ***************
2024-07-19 10:07:21,644 - root - INFO - *************** Starting Test_003_SearchAndAddToCart ***************
2024-07-19 10:07:21,644 - root - INFO - *************** Starting Test_003_SearchAndAddToCart ***************
2024-07-19 10:07:21,644 - root - INFO - *************** Searching for Product: iPhone ***************
2024-07-19 10:07:21,644 - root - INFO - *************** Searching for Product: iPhone ***************
2024-07-19 10:07:21,644 - root - INFO - *************** Searching for Product: iPhone ***************
2024-07-19 10:07:21,644 - root - INFO - *************** Searching for Product: iPhone ***************
2024-07-19 10:07:22,439 - root - INFO - *************** Adding Product to Shopping Cart ***************
2024-07-19 10:07:22,439 - root - INFO - *************** Adding Product to Shopping Cart ***************
2024-07-19 10:07:22,439 - root - INFO - *************** Adding Product to Shopping Cart ***************
2024-07-19 10:07:22,439 - root - INFO - *************** Adding Product to Shopping Cart ***************
2024-07-19 11:01:20,891 - root - INFO - *************** Starting Registration Test ***************
2024-07-19 11:01:20,891 - root - INFO - *************** Starting Registration Test ***************
2024-07-19 11:01:20,891 - root - INFO - *************** Starting Registration Test ***************
2024-07-19 11:01:20,891 - root - INFO - *************** Starting Registration Test ***************
2024-07-19 11:01:26,813 - root - INFO - *************** Logging In ***************
2024-07-19 11:01:26,813 - root - INFO - *************** Logging In ***************
2024-07-19 11:01:26,813 - root - INFO - *************** Logging In ***************
2024-07-19 11:01:26,813 - root - INFO - *************** Logging In ***************
2024-07-19 11:01:28,864 - root - INFO - *************** Login Successful ***************
2024-07-19 11:01:28,864 - root - INFO - *************** Login Successful ***************
2024-07-19 11:01:28,864 - root - INFO - *************** Login Successful ***************
2024-07-19 11:01:28,864 - root - INFO - *************** Login Successful ***************
2024-07-19 11:01:28,864 - root - INFO - *************** Starting Test_003_SearchAndAddToCart ***************
2024-07-19 11:01:28,864 - root - INFO - *************** Starting Test_003_SearchAndAddToCart ***************
2024-07-19 11:01:28,864 - root - INFO - *************** Starting Test_003_SearchAndAddToCart ***************
2024-07-19 11:01:28,864 - root - INFO - *************** Starting Test_003_SearchAndAddToCart ***************
2024-07-19 11:01:28,864 - root - INFO - *************** Searching for Product: iPhone ***************
2024-07-19 11:01:28,864 - root - INFO - *************** Searching for Product: iPhone ***************
2024-07-19 11:01:28,864 - root - INFO - *************** Searching for Product: iPhone ***************
2024-07-19 11:01:28,864 - root - INFO - *************** Searching for Product: iPhone ***************
2024-07-19 11:01:29,484 - root - INFO - *************** Adding Product to Shopping Cart ***************
2024-07-19 11:01:29,484 - root - INFO - *************** Adding Product to Shopping Cart ***************
2024-07-19 11:01:29,484 - root - INFO - *************** Adding Product to Shopping Cart ***************
2024-07-19 11:01:29,484 - root - INFO - *************** Adding Product to Shopping Cart ***************
2024-07-19 11:01:29,913 - root - INFO - *************** Searching for Product: iMac ***************
2024-07-19 11:01:29,913 - root - INFO - *************** Searching for Product: iMac ***************
2024-07-19 11:01:29,913 - root - INFO - *************** Searching for Product: iMac ***************
2024-07-19 11:01:29,913 - root - INFO - *************** Searching for Product: iMac ***************
2024-07-19 11:01:30,530 - root - INFO - *************** Adding Product to Shopping Cart ***************
2024-07-19 11:01:30,530 - root - INFO - *************** Adding Product to Shopping Cart ***************
2024-07-19 11:01:30,530 - root - INFO - *************** Adding Product to Shopping Cart ***************
2024-07-19 11:01:30,530 - root - INFO - *************** Adding Product to Shopping Cart ***************
2024-07-19 11:01:30,896 - root - INFO - ********************* Entering Shopping Cart ************************
2024-07-19 11:01:30,896 - root - INFO - ********************* Entering Shopping Cart ************************
2024-07-19 11:01:30,896 - root - INFO - ********************* Entering Shopping Cart ************************
2024-07-19 11:01:30,896 - root - INFO - ********************* Entering Shopping Cart ************************
2024-07-19 11:01:36,516 - root - INFO - ********************* Checking Out ************************
2024-07-19 11:01:36,516 - root - INFO - ********************* Checking Out ************************
2024-07-19 11:01:36,516 - root - INFO - ********************* Checking Out ************************
2024-07-19 11:01:36,516 - root - INFO - ********************* Checking Out ************************
2024-07-19 11:01:36,921 - root - INFO - ********************* Entering Billing Details ************************
2024-07-19 11:01:36,921 - root - INFO - ********************* Entering Billing Details ************************
2024-07-19 11:01:36,921 - root - INFO - ********************* Entering Billing Details ************************
2024-07-19 11:01:36,921 - root - INFO - ********************* Entering Billing Details ************************
2024-07-19 11:01:45,166 - root - INFO - *************** Starting Login Test ***************
2024-07-19 11:01:45,166 - root - INFO - *************** Starting Login Test ***************
2024-07-19 11:01:45,166 - root - INFO - *************** Starting Login Test ***************
2024-07-19 11:01:45,166 - root - INFO - *************** Starting Login Test ***************
2024-07-19 11:01:47,603 - root - INFO - ****************** Login Successful ******************
2024-07-19 11:01:47,603 - root - INFO - ****************** Login Successful ******************
2024-07-19 11:01:47,603 - root - INFO - ****************** Login Successful ******************
2024-07-19 11:01:47,603 - root - INFO - ****************** Login Successful ******************
2024-07-19 11:01:47,603 - root - INFO - ****************** Test_002_Login Successful ******************
2024-07-19 11:01:47,603 - root - INFO - ****************** Test_002_Login Successful ******************
2024-07-19 11:01:47,603 - root - INFO - ****************** Test_002_Login Successful ******************
2024-07-19 11:01:47,603 - root - INFO - ****************** Test_002_Login Successful ******************
2024-07-19 11:01:49,235 - root - INFO - *************** Logging In ***************
2024-07-19 11:01:49,235 - root - INFO - *************** Logging In ***************
2024-07-19 11:01:49,235 - root - INFO - *************** Logging In ***************
2024-07-19 11:01:49,235 - root - INFO - *************** Logging In ***************
2024-07-19 11:01:52,671 - root - INFO - *************** Login Successful ***************
2024-07-19 11:01:52,671 - root - INFO - *************** Login Successful ***************
2024-07-19 11:01:52,671 - root - INFO - *************** Login Successful ***************
2024-07-19 11:01:52,671 - root - INFO - *************** Login Successful ***************
2024-07-19 11:01:52,671 - root - INFO - *************** Starting Test_003_SearchAndAddToCart ***************
2024-07-19 11:01:52,671 - root - INFO - *************** Starting Test_003_SearchAndAddToCart ***************
2024-07-19 11:01:52,671 - root - INFO - *************** Starting Test_003_SearchAndAddToCart ***************
2024-07-19 11:01:52,671 - root - INFO - *************** Starting Test_003_SearchAndAddToCart ***************
2024-07-19 11:01:52,671 - root - INFO - *************** Searching for Product: iPhone ***************
2024-07-19 11:01:52,671 - root - INFO - *************** Searching for Product: iPhone ***************
2024-07-19 11:01:52,671 - root - INFO - *************** Searching for Product: iPhone ***************
2024-07-19 11:01:52,671 - root - INFO - *************** Searching for Product: iPhone ***************
2024-07-19 11:01:53,180 - root - INFO - *************** Adding Product to Shopping Cart ***************
2024-07-19 11:01:53,180 - root - INFO - *************** Adding Product to Shopping Cart ***************
2024-07-19 11:01:53,180 - root - INFO - *************** Adding Product to Shopping Cart ***************
2024-07-19 11:01:53,180 - root - INFO - *************** Adding Product to Shopping Cart ***************
2024-07-19 12:16:08,547 - root - INFO - *************** Starting Registration Test ***************
2024-07-19 12:16:08,547 - root - INFO - *************** Starting Registration Test ***************
2024-07-19 12:16:08,547 - root - INFO - *************** Starting Registration Test ***************
2024-07-19 12:16:08,547 - root - INFO - *************** Starting Registration Test ***************
2024-07-19 12:16:15,890 - root - INFO - *************** Logging In ***************
2024-07-19 12:16:15,890 - root - INFO - *************** Logging In ***************
2024-07-19 12:16:15,890 - root - INFO - *************** Logging In ***************
2024-07-19 12:16:15,890 - root - INFO - *************** Logging In ***************
2025-02-12 14:50:32,460 - root - INFO - *************** Starting Registration Test ***************
2025-02-12 14:50:32,460 - root - INFO - *************** Starting Registration Test ***************
2025-02-12 14:50:32,460 - root - INFO - *************** Starting Registration Test ***************
2025-02-12 14:50:32,460 - root - INFO - *************** Starting Registration Test ***************
2025-02-12 14:50:41,581 - root - INFO - *************** Logging In ***************
2025-02-12 14:50:41,581 - root - INFO - *************** Logging In ***************
2025-02-12 14:50:41,581 - root - INFO - *************** Logging In ***************
2025-02-12 14:50:41,581 - root - INFO - *************** Logging In ***************
2025-02-12 14:50:47,378 - root - INFO - *************** Login Successful ***************
2025-02-12 14:50:47,378 - root - INFO - *************** Login Successful ***************
2025-02-12 14:50:47,378 - root - INFO - *************** Login Successful ***************
2025-02-12 14:50:47,378 - root - INFO - *************** Login Successful ***************
2025-02-12 14:50:47,380 - root - INFO - *************** Starting Test_003_SearchAndAddToCart ***************
2025-02-12 14:50:47,380 - root - INFO - *************** Starting Test_003_SearchAndAddToCart ***************
2025-02-12 14:50:47,380 - root - INFO - *************** Starting Test_003_SearchAndAddToCart ***************
2025-02-12 14:50:47,380 - root - INFO - *************** Starting Test_003_SearchAndAddToCart ***************
2025-02-12 14:50:47,380 - root - INFO - *************** Searching for Product: iPhone ***************
2025-02-12 14:50:47,380 - root - INFO - *************** Searching for Product: iPhone ***************
2025-02-12 14:50:47,380 - root - INFO - *************** Searching for Product: iPhone ***************
2025-02-12 14:50:47,380 - root - INFO - *************** Searching for Product: iPhone ***************
